<?xml version="1.0" encoding="UTF-8"?>
<testng-results ignored="0" total="1" passed="1" failed="0" skipped="0">
  <reporter-output>
  </reporter-output>
  <suite started-at="2021-09-07T11:54:49 AEST" name="Suite" finished-at="2021-09-07T11:54:49 AEST" duration-ms="73">
    <groups>
    </groups>
    <test started-at="2021-09-07T11:54:49 AEST" name="Test" finished-at="2021-09-07T11:54:49 AEST" duration-ms="73">
      <class name="Git_Hub_Test.Git_Hub_Test.AppTest">
        <test-method signature="shouldAnswerWithTrue()[pri:0, instance:Git_Hub_Test.Git_Hub_Test.AppTest@2f8dad04]" started-at="2021-09-07T11:54:49 AEST" name="shouldAnswerWithTrue" finished-at="2021-09-07T11:54:49 AEST" duration-ms="11" status="PASS">
          <reporter-output>
          </reporter-output>
        </test-method> <!-- shouldAnswerWithTrue -->
      </class> <!-- Git_Hub_Test.Git_Hub_Test.AppTest -->
    </test> <!-- Test -->
  </suite> <!-- Suite -->
</testng-results>
